0 info it worked if it ends with ok
1 verbose cli [ '/usr/bin/nodejs', '/usr/bin/npm', 'run', 'build-less' ]
2 info using npm@3.10.10
3 info using node@v6.10.3
4 verbose run-script [ 'prebuild-less', 'build-less', 'postbuild-less' ]
5 info lifecycle fedtest@1.1.0~prebuild-less: fedtest@1.1.0
6 silly lifecycle fedtest@1.1.0~prebuild-less: no script for prebuild-less, continuing
7 info lifecycle fedtest@1.1.0~build-less: fedtest@1.1.0
8 verbose lifecycle fedtest@1.1.0~build-less: unsafe-perm in lifecycle true
9 verbose lifecycle fedtest@1.1.0~build-less: PATH: /usr/lib/node_modules/npm/bin/node-gyp-bin:/home/stejay/Documents/envoy test/candidate-fe-test/node_modules/.bin:/usr/lib/node_modules/npm/bin/node-gyp-bin:/home/stejay/Documents/envoy test/candidate-fe-test/node_modules/.bin:/usr/lib/node_modules/npm/bin/node-gyp-bin:/home/stejay/Documents/envoy test/candidate-fe-test/node_modules/.bin:/home/stejay/bin:/home/stejay/.local/bin:/usr/local/sbin:/usr/local/bin:/usr/sbin:/usr/bin:/sbin:/bin:/usr/games:/usr/local/games:/snap/bin
10 verbose lifecycle fedtest@1.1.0~build-less: CWD: /home/stejay/Documents/envoy test/candidate-fe-test
11 silly lifecycle fedtest@1.1.0~build-less: Args: [ '-c',
11 silly lifecycle   './node_modules/less/bin/lessc less/main.less css/main.css' ]
12 silly lifecycle fedtest@1.1.0~build-less: Returned: code: 1  signal: null
13 info lifecycle fedtest@1.1.0~build-less: Failed to exec build-less script
14 verbose stack Error: fedtest@1.1.0 build-less: `./node_modules/less/bin/lessc less/main.less css/main.css`
14 verbose stack Exit status 1
14 verbose stack     at EventEmitter.<anonymous> (/usr/lib/node_modules/npm/lib/utils/lifecycle.js:255:16)
14 verbose stack     at emitTwo (events.js:106:13)
14 verbose stack     at EventEmitter.emit (events.js:191:7)
14 verbose stack     at ChildProcess.<anonymous> (/usr/lib/node_modules/npm/lib/utils/spawn.js:40:14)
14 verbose stack     at emitTwo (events.js:106:13)
14 verbose stack     at ChildProcess.emit (events.js:191:7)
14 verbose stack     at maybeClose (internal/child_process.js:886:16)
14 verbose stack     at Process.ChildProcess._handle.onexit (internal/child_process.js:226:5)
15 verbose pkgid fedtest@1.1.0
16 verbose cwd /home/stejay/Documents/envoy test/candidate-fe-test
17 error Linux 4.8.0-51-generic
18 error argv "/usr/bin/nodejs" "/usr/bin/npm" "run" "build-less"
19 error node v6.10.3
20 error npm  v3.10.10
21 error code ELIFECYCLE
22 error fedtest@1.1.0 build-less: `./node_modules/less/bin/lessc less/main.less css/main.css`
22 error Exit status 1
23 error Failed at the fedtest@1.1.0 build-less script './node_modules/less/bin/lessc less/main.less css/main.css'.
23 error Make sure you have the latest version of node.js and npm installed.
23 error If you do, this is most likely a problem with the fedtest package,
23 error not with npm itself.
23 error Tell the author that this fails on your system:
23 error     ./node_modules/less/bin/lessc less/main.less css/main.css
23 error You can get information on how to open an issue for this project with:
23 error     npm bugs fedtest
23 error Or if that isn't available, you can get their info via:
23 error     npm owner ls fedtest
23 error There is likely additional logging output above.
24 verbose exit [ 1, true ]
